\BOOKMARK [1][-]{section.1}{\376\377\000A\000b\000s\000t\000r\000a\000c\000t}{}% 1
\BOOKMARK [1][-]{section.2}{\376\377\000I\000n\000t\000r\000o\000d\000u\000c\000t\000i\000o\000n}{}% 2
\BOOKMARK [1][-]{section.3}{\376\377\000T\000h\000e\000o\000r\000y\000\040\000a\000n\000d\000\040\000F\000r\000a\000m\000e\000w\000o\000r\000k}{}% 3
\BOOKMARK [1][-]{section.4}{\376\377\000S\000c\000o\000p\000e\000\040\000o\000f\000\040\000R\000e\000p\000r\000o\000d\000u\000c\000i\000b\000i\000l\000i\000t\000y}{}% 4
\BOOKMARK [1][-]{section.5}{\376\377\000D\000a\000t\000a\000s\000e\000t\000s}{}% 5
\BOOKMARK [1][-]{section.6}{\376\377\000M\000o\000d\000e\000l\000s}{}% 6
\BOOKMARK [2][-]{subsection.6.1}{\376\377\000K\000u\000l\000l\000b\000a\000c\000k\000-\000L\000e\000i\000b\000l\000e\000r\000\040\000D\000i\000v\000e\000r\000g\000e\000n\000c\000e}{section.6}% 7
\BOOKMARK [2][-]{subsection.6.2}{\376\377\000L\0001\000\040\000R\000e\000g\000u\000l\000a\000r\000i\000z\000a\000t\000i\000o\000n}{section.6}% 8
\BOOKMARK [2][-]{subsection.6.3}{\376\377\000B\000o\000t\000t\000l\000e\000n\000e\000c\000k\000\040\000M\000o\000d\000e\000l}{section.6}% 9
\BOOKMARK [2][-]{subsection.6.4}{\376\377\000S\000t\000a\000n\000d\000a\000r\000d\000\040\000M\000o\000d\000e\000l}{section.6}% 10
\BOOKMARK [1][-]{section.7}{\376\377\000M\000e\000t\000h\000o\000d\000o\000l\000o\000g\000y}{}% 11
\BOOKMARK [1][-]{section.8}{\376\377\000E\000x\000p\000e\000r\000i\000m\000e\000n\000t\000s\000\040\000a\000n\000d\000\040\000R\000e\000s\000u\000l\000t\000s}{}% 12
\BOOKMARK [1][-]{section.9}{\376\377\000S\000y\000m\000b\000o\000l\000i\000c\000\040\000R\000e\000g\000r\000e\000s\000s\000i\000o\000n}{}% 13
\BOOKMARK [1][-]{section.10}{\376\377\000D\000i\000s\000c\000u\000s\000s\000i\000o\000n}{}% 14
\BOOKMARK [2][-]{subsection.10.1}{\376\377\000I\000n\000d\000u\000c\000t\000i\000v\000e\000\040\000B\000i\000a\000s\000e\000s}{section.10}% 15
\BOOKMARK [2][-]{subsection.10.2}{\376\377\000R\000e\000g\000u\000l\000a\000r\000i\000z\000a\000t\000i\000o\000n}{section.10}% 16
\BOOKMARK [2][-]{subsection.10.3}{\376\377\000D\000a\000t\000a\000\040\000P\000r\000u\000n\000i\000n\000g}{section.10}% 17
\BOOKMARK [2][-]{subsection.10.4}{\376\377\000S\000y\000m\000b\000o\000l\000i\000c\000\040\000R\000e\000g\000r\000e\000s\000s\000i\000o\000n}{section.10}% 18
\BOOKMARK [2][-]{subsection.10.5}{\376\377\000U\000t\000i\000l\000i\000z\000i\000n\000g\000\040\000C\000o\000m\000p\000u\000t\000e\000r\000\040\000R\000e\000s\000o\000u\000r\000c\000e\000s}{section.10}% 19
\BOOKMARK [1][-]{section.11}{\376\377\000C\000o\000n\000c\000l\000u\000s\000i\000o\000n}{}% 20
\BOOKMARK [1][-]{appendix.A}{\376\377\000G\000e\000n\000e\000r\000a\000t\000i\000v\000e\000\040\000A\000I}{}% 21
